<?xml version="1.0" encoding="UTF-8"?>
<testng-results ignored="0" total="6" passed="6" failed="0" skipped="0">
  <reporter-output>
  </reporter-output>
  <suite started-at="2020-07-16T09:05:05 ICT" name="Surefire suite" finished-at="2020-07-16T09:05:12 ICT" duration-ms="6605">
    <groups>
    </groups>
    <test started-at="2020-07-16T09:05:05 ICT" name="Surefire test" finished-at="2020-07-16T09:05:12 ICT" duration-ms="6605">
      <class name="TestApi.TestDel">
        <test-method signature="test_04()" started-at="2020-07-16T09:05:05 ICT" name="test_04" finished-at="2020-07-16T09:05:07 ICT" duration-ms="2110" status="PASS">
          <reporter-output>
          </reporter-output>
        </test-method> <!-- test_04 -->
      </class> <!-- TestApi.TestDel -->
      <class name="TestApi.TestPut">
        <test-method signature="test_3()" started-at="2020-07-16T09:05:11 ICT" name="test_3" finished-at="2020-07-16T09:05:12 ICT" duration-ms="1012" status="PASS">
          <reporter-output>
          </reporter-output>
        </test-method> <!-- test_3 -->
      </class> <!-- TestApi.TestPut -->
      <class name="TestApi.TestPost">
        <test-method signature="test_2()" started-at="2020-07-16T09:05:09 ICT" name="test_2" finished-at="2020-07-16T09:05:11 ICT" duration-ms="1204" status="PASS">
          <reporter-output>
          </reporter-output>
        </test-method> <!-- test_2 -->
      </class> <!-- TestApi.TestPost -->
      <class name="TestApi.TestGet">
        <test-method signature="test_06()" started-at="2020-07-16T09:05:07 ICT" name="test_06" finished-at="2020-07-16T09:05:09 ICT" duration-ms="2018" status="PASS">
          <reporter-output>
          </reporter-output>
        </test-method> <!-- test_06 -->
        <test-method signature="test_05()" started-at="2020-07-16T09:05:07 ICT" name="test_05" finished-at="2020-07-16T09:05:08 ICT" duration-ms="747" status="PASS">
          <reporter-output>
          </reporter-output>
        </test-method> <!-- test_05 -->
        <test-method signature="test_1()" started-at="2020-07-16T09:05:07 ICT" name="test_1" finished-at="2020-07-16T09:05:09 ICT" duration-ms="2235" status="PASS">
          <reporter-output>
          </reporter-output>
        </test-method> <!-- test_1 -->
      </class> <!-- TestApi.TestGet -->
    </test> <!-- Surefire test -->
  </suite> <!-- Surefire suite -->
</testng-results>
