<?xml version="1.0" encoding="UTF-8"?>
<testng-results ignored="0" total="5" passed="5" failed="0" skipped="0">
  <reporter-output>
  </reporter-output>
  <suite started-at="2020-07-15T11:30:51 ICT" name="Surefire suite" finished-at="2020-07-15T11:30:58 ICT" duration-ms="6513">
    <groups>
    </groups>
    <test started-at="2020-07-15T11:30:51 ICT" name="Surefire test" finished-at="2020-07-15T11:30:58 ICT" duration-ms="6513">
      <class name="TestPut">
        <test-method signature="test_3()" started-at="2020-07-15T11:30:56 ICT" name="test_3" finished-at="2020-07-15T11:30:58 ICT" duration-ms="1431" status="PASS">
          <reporter-output>
          </reporter-output>
        </test-method> <!-- test_3 -->
      </class> <!-- TestPut -->
      <class name="TestDel">
        <test-method signature="test_04()" started-at="2020-07-15T11:30:51 ICT" name="test_04" finished-at="2020-07-15T11:30:54 ICT" duration-ms="2413" status="PASS">
          <reporter-output>
          </reporter-output>
        </test-method> <!-- test_04 -->
      </class> <!-- TestDel -->
      <class name="TestGet">
        <test-method signature="test_05()" started-at="2020-07-15T11:30:54 ICT" name="test_05" finished-at="2020-07-15T11:30:54 ICT" duration-ms="687" status="PASS">
          <reporter-output>
          </reporter-output>
        </test-method> <!-- test_05 -->
        <test-method signature="test_1()" started-at="2020-07-15T11:30:54 ICT" name="test_1" finished-at="2020-07-15T11:30:55 ICT" duration-ms="904" status="PASS">
          <reporter-output>
          </reporter-output>
        </test-method> <!-- test_1 -->
      </class> <!-- TestGet -->
      <class name="TestPost">
        <test-method signature="test_2()" started-at="2020-07-15T11:30:55 ICT" name="test_2" finished-at="2020-07-15T11:30:56 ICT" duration-ms="1714" status="PASS">
          <reporter-output>
          </reporter-output>
        </test-method> <!-- test_2 -->
      </class> <!-- TestPost -->
    </test> <!-- Surefire test -->
  </suite> <!-- Surefire suite -->
</testng-results>
