<?xml version="1.0" encoding="UTF-8"?>
<!-- Generated by org.testng.reporters.JUnitXMLReporter -->
<testsuite ignored="0" hostname="LAPTOP-BLLBO5UB" failures="0" tests="3" name="Surefire test" time="3.759" errors="0" timestamp="2020-07-16T09:05:59 ICT">
  <testcase classname="TestApi.TestGet" name="test_05 on test_05(TestApi.TestGet)" time="2.279"/>
  <testcase classname="TestApi.TestGet" name="test_06 on test_06(TestApi.TestGet)" time="3.478"/>
  <testcase classname="TestApi.TestGet" name="test_1 on test_1(TestApi.TestGet)" time="3.697"/>
</testsuite> <!-- Surefire test -->
