<?xml version="1.0" encoding="UTF-8"?>
<testsuite xmlns:xsi="http://www.w3.org/2001/XMLSchema-instance" xsi:noNamespaceSchemaLocation="https://maven.apache.org/surefire/maven-surefire-plugin/xsd/surefire-test-report-3.0.xsd" version="3.0" name="TestApi.TestGet" time="6.25" tests="3" errors="0" skipped="0" failures="0">
  <properties>
[...]
</properties>
  <testcase name="test_05" classname="TestApi.TestGet" time="3.574"/>
  <testcase name="test_06" classname="TestApi.TestGet" time="1.768"/>
  <testcase name="test_1" classname="TestApi.TestGet" time="0.248"/>
</testsuite>