<?xml version="1.0" encoding="UTF-8"?>
<testng-results ignored="0" total="3" passed="3" failed="0" skipped="0">
  <reporter-output>
  </reporter-output>
  <suite started-at="2020-07-16T10:34:26 ICT" name="Surefire suite" finished-at="2020-07-16T10:34:32 ICT" duration-ms="5665">
    <groups>
    </groups>
    <test started-at="2020-07-16T10:34:26 ICT" name="Surefire test" finished-at="2020-07-16T10:34:32 ICT" duration-ms="5665">
      <class name="TestApi.TestGet">
        <test-method signature="test_05()[pri:0, instance:TestApi.TestGet@58a90037]" started-at="2020-07-16T10:34:26 ICT" name="test_05" finished-at="2020-07-16T10:34:29 ICT" duration-ms="3574" status="PASS">
          <reporter-output>
          </reporter-output>
        </test-method> <!-- test_05 -->
        <test-method signature="test_06()[pri:0, instance:TestApi.TestGet@58a90037]" started-at="2020-07-16T10:34:29 ICT" name="test_06" description="test" finished-at="2020-07-16T10:34:31 ICT" duration-ms="1768" status="PASS">
          <reporter-output>
          </reporter-output>
        </test-method> <!-- test_06 -->
        <test-method signature="test_1()[pri:0, instance:TestApi.TestGet@58a90037]" started-at="2020-07-16T10:34:31 ICT" name="test_1" finished-at="2020-07-16T10:34:32 ICT" duration-ms="246" status="PASS">
          <reporter-output>
          </reporter-output>
        </test-method> <!-- test_1 -->
      </class> <!-- TestApi.TestGet -->
    </test> <!-- Surefire test -->
  </suite> <!-- Surefire suite -->
</testng-results>
