<?xml version="1.0" encoding="UTF-8"?>
<testng-results ignored="0" total="2" passed="2" failed="0" skipped="0">
  <reporter-output>
  </reporter-output>
  <suite started-at="2020-07-15T11:32:12 ICT" name="Surefire suite" finished-at="2020-07-15T11:32:16 ICT" duration-ms="4306">
    <groups>
    </groups>
    <test started-at="2020-07-15T11:32:12 ICT" name="Surefire test" finished-at="2020-07-15T11:32:16 ICT" duration-ms="4306">
      <class name="TestGet">
        <test-method signature="test_05()" started-at="2020-07-15T11:32:12 ICT" name="test_05" finished-at="2020-07-15T11:32:16 ICT" duration-ms="3792" status="PASS">
          <reporter-output>
          </reporter-output>
        </test-method> <!-- test_05 -->
        <test-method signature="test_1()" started-at="2020-07-15T11:32:12 ICT" name="test_1" finished-at="2020-07-15T11:32:16 ICT" duration-ms="4139" status="PASS">
          <reporter-output>
          </reporter-output>
        </test-method> <!-- test_1 -->
      </class> <!-- TestGet -->
    </test> <!-- Surefire test -->
  </suite> <!-- Surefire suite -->
</testng-results>
