<?xml version="1.0" encoding="UTF-8"?>
<!-- Generated by org.testng.reporters.JUnitXMLReporter -->
<testsuite ignored="0" hostname="LAPTOP-BLLBO5UB" failures="0" tests="5" name="Surefire test" time="6.513" errors="0" timestamp="2020-07-15T11:30:58 ICT">
  <testcase classname="TestDel" name="test_04 on test_04(TestDel)" time="2.413"/>
  <testcase classname="TestGet" name="test_05 on test_05(TestGet)" time="0.687"/>
  <testcase classname="TestGet" name="test_1 on test_1(TestGet)" time="0.904"/>
  <testcase classname="TestPost" name="test_2 on test_2(TestPost)" time="1.714"/>
  <testcase classname="TestPut" name="test_3 on test_3(TestPut)" time="1.431"/>
</testsuite> <!-- Surefire test -->
