<?xml version="1.0" encoding="UTF-8"?>
<!-- Generated by org.testng.reporters.JUnitXMLReporter -->
<testsuite ignored="0" hostname="LAPTOP-BLLBO5UB" failures="0" tests="6" name="Surefire test" time="29.165" errors="0" timestamp="2020-07-15T22:36:59 ICT">
  <testcase classname="TestDel" name="test_04 on test_04(TestDel)" time="6.318"/>
  <testcase classname="TestGet" name="test_05 on test_05(TestGet)" time="6.207"/>
  <testcase classname="TestGet" name="test_06 on test_06(TestGet)" time="7.789"/>
  <testcase classname="TestGet" name="test_1 on test_1(TestGet)" time="10.806"/>
  <testcase classname="TestPost" name="test_2 on test_2(TestPost)" time="4.534"/>
  <testcase classname="TestPut" name="test_3 on test_3(TestPut)" time="7.363"/>
</testsuite> <!-- Surefire test -->
